#
# A fatal error has been detected by the Java Runtime Environment:
#
#  EXCEPTION_ACCESS_VIOLATION (0xc0000005) at pc=0x000000000f1c49d6, pid=25576, tid=0x0000000000004d14
#
# JRE version: Java(TM) SE Runtime Environment (8.0_121-b13) (build 1.8.0_121-b13)
# Java VM: Java HotSpot(TM) 64-Bit Server VM (25.121-b13 mixed mode windows-amd64 compressed oops)
# Problematic frame:
# J 210 C2 io.openmessaging.DefaultQueueStoreImpl.put(Ljava/lang/String;[B)V (11 bytes) @ 0x000000000f1c49d6 [0x000000000f1c47c0+0x216]
#
# Failed to write core dump. Minidumps are not enabled by default on client versions of Windows
#
# If you would like to submit a bug report, please visit:
#   http://bugreport.java.com/bugreport/crash.jsp
#

---------------  T H R E A D  ---------------

Current thread (0x0000000009952000):  JavaThread "Thread-5" [_thread_in_Java, id=19732, stack(0x000000000b670000,0x000000000b770000)]

siginfo: ExceptionCode=0xc0000005, writing address 0x00000001ede94614

Registers:
RAX=0x0000000000000001, RBX=0x0000000000000000, RCX=0x00000001ebbe0000, RDX=0x00000001ebbe0000
RSP=0x000000000b76f3d0, RBP=0x00000000859fac60, RSI=0x0000000083da0a64, RDI=0x00000000000000b4
R8 =0x00000000000001a4, R9 =0x000000000000003a, R10=0x0000000000000000, R11=0x00000000022b4614
R12=0x0000000000000000, R13=0x00000000dfd80bd0, R14=0x00000000dfd80db0, R15=0x0000000009952000
RIP=0x000000000f1c49d6, EFLAGS=0x0000000000010206

Top of Stack: (sp=0x000000000b76f3d0)
0x000000000b76f3d0:   000000000a849c5a 0000000009952000
0x000000000b76f3e0:   000000000b76f530 00000000702fcecf
0x000000000b76f3f0:   000000008569dca0 00000000d7922760
0x000000000b76f400:   000000008569dc90 000000000000003a
0x000000000b76f410:   0000000083da0a68 0000003c0000003a
0x000000000b76f420:   24000000859fac40 00000000022b4614
0x000000000b76f430:   00000001ebbe0000 000000000000003a
0x000000000b76f440:   0000003a00000000 00000001ffffffff
0x000000000b76f450:   000000000b76f7b8 0000000009952000
0x000000000b76f460:   0000000000000010 000000013fbeda58
0x000000000b76f470:   00000000d792279c 000000000f08b109
0x000000000b76f480:   0000000000000001 000000000a849c5a
0x000000000b76f490:   0000000081dbf344 0000000000000005
0x000000000b76f4a0:   0000000082238d98 000000000f1afc3c
0x000000000b76f4b0:   01d4187b52088c0e 0000000000000030
0x000000000b76f4c0:   0000000009952000 0000000000000019 

Instructions: (pc=0x000000000f1c49d6)
0x000000000f1c49b6:   ff 0f 8c 5c 08 00 00 44 3b 5c 24 54 0f 8d 8d 08
0x000000000f1c49c6:   00 00 48 8b d1 48 03 d3 4d 63 db 44 8b 54 24 3c
0x000000000f1c49d6:   46 88 14 1a 8b 6c 24 58 ff c5 3b 6c 24 54 0f 8d
0x000000000f1c49e6:   b3 08 00 00 4c 63 dd 44 8b 54 24 48 46 88 14 1a 


Register to memory mapping:

RAX=0x0000000000000001 is an unknown value
RBX=0x0000000000000000 is an unknown value
RCX=0x00000001ebbe0000 is an unknown value
RDX=0x00000001ebbe0000 is an unknown value
RSP=0x000000000b76f3d0 is pointing into the stack for thread: 0x0000000009952000
RBP=0x00000000859fac60 is an oop
[Lio.openmessaging.v2.LogFileV2; 
 - klass: 'io/openmessaging/v2/LogFileV2'[]
 - length: 250
RSI=0x0000000083da0a64 is pointing into object: 0x0000000083da0a40
[C 
 - klass: {type array char}
 - length: 11
RDI=0x00000000000000b4 is an unknown value
R8 =0x00000000000001a4 is an unknown value
R9 =0x000000000000003a is an unknown value
R10=0x0000000000000000 is an unknown value
R11=0x00000000022b4614 is pointing into the stack for thread: 0x00000000020ef800
R12=0x0000000000000000 is an unknown value
R13=0x00000000dfd80bd0 is an oop
io.openmessaging.v2.LogFileV2 
 - klass: 'io/openmessaging/v2/LogFileV2'
R14=0x00000000dfd80db0 is an oop
java.nio.DirectByteBuffer 
 - klass: 'java/nio/DirectByteBuffer'
R15=0x0000000009952000 is a thread


Stack: [0x000000000b670000,0x000000000b770000],  sp=0x000000000b76f3d0,  free space=1020k
Native frames: (J=compiled Java code, j=interpreted, Vv=VM code, C=native code)
C  0x000000000f1c49d6


---------------  P R O C E S S  ---------------

Java Threads: ( => current thread )
  0x0000000009ad0800 JavaThread "Thread-9" [_thread_in_Java, id=24824, stack(0x000000000bb10000,0x000000000bc10000)]
  0x0000000009956000 JavaThread "Thread-8" [_thread_in_Java, id=25132, stack(0x000000000b850000,0x000000000b950000)]
  0x0000000009953800 JavaThread "Thread-7" [_thread_blocked, id=22900, stack(0x0000000009d50000,0x0000000009e50000)]
  0x0000000009952800 JavaThread "Thread-6" [_thread_in_Java, id=20052, stack(0x000000000a4f0000,0x000000000a5f0000)]
=>0x0000000009952000 JavaThread "Thread-5" [_thread_in_Java, id=19732, stack(0x000000000b670000,0x000000000b770000)]
  0x0000000009a19000 JavaThread "Thread-4" [_thread_blocked, id=24708, stack(0x000000000b510000,0x000000000b610000)]
  0x0000000009a18000 JavaThread "Thread-3" [_thread_in_Java, id=25168, stack(0x000000000b3f0000,0x000000000b4f0000)]
  0x0000000009a17800 JavaThread "Thread-2" [_thread_in_Java, id=24224, stack(0x000000000b290000,0x000000000b390000)]
  0x0000000009aaf800 JavaThread "Thread-1" [_thread_blocked, id=25200, stack(0x000000000b100000,0x000000000b200000)]
  0x0000000009aae800 JavaThread "Thread-0" [_thread_in_Java, id=24352, stack(0x000000000af20000,0x000000000b020000)]
  0x00000000097e9800 JavaThread "Service Thread" daemon [_thread_blocked, id=21496, stack(0x000000000a370000,0x000000000a470000)]
  0x00000000097dc000 JavaThread "C1 CompilerThread2" daemon [_thread_blocked, id=20476, stack(0x0000000009550000,0x0000000009650000)]
  0x00000000097db000 JavaThread "C2 CompilerThread1" daemon [_thread_blocked, id=25028, stack(0x000000000a230000,0x000000000a330000)]
  0x00000000097be000 JavaThread "C2 CompilerThread0" daemon [_thread_blocked, id=24664, stack(0x000000000a0b0000,0x000000000a1b0000)]
  0x00000000097bc800 JavaThread "Monitor Ctrl-Break" daemon [_thread_in_native, id=18504, stack(0x0000000009f60000,0x000000000a060000)]
  0x000000000975a800 JavaThread "Attach Listener" daemon [_thread_blocked, id=25320, stack(0x0000000009e50000,0x0000000009f50000)]
  0x0000000009759800 JavaThread "Signal Dispatcher" daemon [_thread_blocked, id=20944, stack(0x0000000009c40000,0x0000000009d40000)]
  0x00000000083ba800 JavaThread "Finalizer" daemon [_thread_blocked, id=25492, stack(0x0000000009310000,0x0000000009410000)]
  0x0000000008373800 JavaThread "Reference Handler" daemon [_thread_blocked, id=15648, stack(0x0000000009650000,0x0000000009750000)]
  0x00000000020ef800 JavaThread "main" [_thread_blocked, id=7872, stack(0x0000000002260000,0x0000000002360000)]

Other Threads:
  0x000000000836b800 VMThread [stack: 0x0000000009450000,0x0000000009550000] [id=17308]
  0x00000000098e6800 WatcherThread [stack: 0x000000000a620000,0x000000000a720000] [id=20384]

VM state:not at safepoint (normal execution)

VM Mutex/Monitor currently owned by a thread: None

Heap:
 PSYoungGen      total 165888K, used 36531K [0x00000000d5d00000, 0x00000000e2a80000, 0x0000000100000000)
  eden space 121344K, 30% used [0x00000000d5d00000,0x00000000d80a4e40,0x00000000dd380000)
  from space 44544K, 0% used [0x00000000dfd80000,0x00000000dfd88000,0x00000000e2900000)
  to   space 43008K, 0% used [0x00000000dd380000,0x00000000dd380000,0x00000000dfd80000)
 ParOldGen       total 162816K, used 70699K [0x0000000081600000, 0x000000008b500000, 0x00000000d5d00000)
  object space 162816K, 43% used [0x0000000081600000,0x0000000085b0afe0,0x000000008b500000)
 Metaspace       used 3738K, capacity 4608K, committed 4864K, reserved 1056768K
  class space    used 415K, capacity 432K, committed 512K, reserved 1048576K

Card table byte_map: [0x00000000028c0000,0x0000000002cc0000] byte_map_base: 0x00000000024b5000

Marking Bits: (ParMarkBitMap*) 0x00000000708db6d0
 Begin Bits: [0x0000000003690000, 0x0000000005638000)
 End Bits:   [0x0000000005638000, 0x00000000075e0000)

Polling page: 0x0000000000230000

CodeCache: size=245760Kb used=1729Kb max_used=1740Kb free=244031Kb
 bounds [0x000000000f010000, 0x000000000f280000, 0x000000001e010000]
 total_blobs=485 nmethods=213 adapters=185
 compilation: enabled

Compilation events (10 events):
Event: 1.762 Thread 0x00000000097dc000  211       3       java.lang.String::<init> (10 bytes)
Event: 1.763 Thread 0x00000000097dc000 nmethod 211 0x000000000f19a190 code [0x000000000f19a2e0, 0x000000000f19a4b0]
Event: 2.097 Thread 0x00000000097dc000  212       3       java.nio.ByteBuffer::arrayOffset (35 bytes)
Event: 2.098 Thread 0x00000000097dc000 nmethod 212 0x000000000f1a3710 code [0x000000000f1a38a0, 0x000000000f1a3b58]
Event: 2.326 Thread 0x00000000097dc000  213       3       java.lang.ref.Reference::<init> (25 bytes)
Event: 2.326 Thread 0x00000000097dc000 nmethod 213 0x000000000f1a3290 code [0x000000000f1a3400, 0x000000000f1a3650]
Event: 2.331 Thread 0x00000000097dc000  214       3       java.nio.CharBuffer::arrayOffset (35 bytes)
Event: 2.332 Thread 0x00000000097dc000 nmethod 214 0x000000000f1aead0 code [0x000000000f1aec60, 0x000000000f1aef18]
Event: 2.770 Thread 0x00000000097dc000  215       1       java.lang.reflect.Method::getName (5 bytes)
Event: 2.770 Thread 0x00000000097dc000 nmethod 215 0x000000000f1ae810 code [0x000000000f1ae960, 0x000000000f1aea70]

GC Heap History (10 events):
Event: 1.549 GC heap before
{Heap before GC invocations=5 (full 1):
 PSYoungGen      total 71680K, used 66560K [0x00000000d5d00000, 0x00000000de900000, 0x0000000100000000)
  eden space 66560K, 100% used [0x00000000d5d00000,0x00000000d9e00000,0x00000000d9e00000)
  from space 5120K, 0% used [0x00000000d9e00000,0x00000000d9e00000,0x00000000da300000)
  to   space 5120K, 0% used [0x00000000de400000,0x00000000de400000,0x00000000de900000)
 ParOldGen       total 162816K, used 70699K [0x0000000081600000, 0x000000008b500000, 0x00000000d5d00000)
  object space 162816K, 43% used [0x0000000081600000,0x0000000085b0afe0,0x000000008b500000)
 Metaspace       used 3712K, capacity 4608K, committed 4864K, reserved 1056768K
  class space    used 410K, capacity 432K, committed 512K, reserved 1048576K
Event: 1.555 GC heap after
Heap after GC invocations=5 (full 1):
 PSYoungGen      total 84992K, used 96K [0x00000000d5d00000, 0x00000000de480000, 0x0000000100000000)
  eden space 84480K, 0% used [0x00000000d5d00000,0x00000000d5d00000,0x00000000daf80000)
  from space 512K, 18% used [0x00000000de400000,0x00000000de418000,0x00000000de480000)
  to   space 5120K, 0% used [0x00000000dda80000,0x00000000dda80000,0x00000000ddf80000)
 ParOldGen       total 162816K, used 70699K [0x0000000081600000, 0x000000008b500000, 0x00000000d5d00000)
  object space 162816K, 43% used [0x0000000081600000,0x0000000085b0afe0,0x000000008b500000)
 Metaspace       used 3712K, capacity 4608K, committed 4864K, reserved 1056768K
  class space    used 410K, capacity 432K, committed 512K, reserved 1048576K
}
Event: 1.802 GC heap before
{Heap before GC invocations=6 (full 1):
 PSYoungGen      total 84992K, used 84576K [0x00000000d5d00000, 0x00000000de480000, 0x0000000100000000)
  eden space 84480K, 100% used [0x00000000d5d00000,0x00000000daf80000,0x00000000daf80000)
  from space 512K, 18% used [0x00000000de400000,0x00000000de418000,0x00000000de480000)
  to   space 5120K, 0% used [0x00000000dda80000,0x00000000dda80000,0x00000000ddf80000)
 ParOldGen       total 162816K, used 70699K [0x0000000081600000, 0x000000008b500000, 0x00000000d5d00000)
  object space 162816K, 43% used [0x0000000081600000,0x0000000085b0afe0,0x000000008b500000)
 Metaspace       used 3737K, capacity 4608K, committed 4864K, reserved 1056768K
  class space    used 415K, capacity 432K, committed 512K, reserved 1048576K
Event: 1.805 GC heap after
Heap after GC invocations=6 (full 1):
 PSYoungGen      total 108544K, used 96K [0x00000000d5d00000, 0x00000000e1d00000, 0x0000000100000000)
  eden space 103424K, 0% used [0x00000000d5d00000,0x00000000d5d00000,0x00000000dc200000)
  from space 5120K, 1% used [0x00000000dda80000,0x00000000dda98000,0x00000000ddf80000)
  to   space 46592K, 0% used [0x00000000def80000,0x00000000def80000,0x00000000e1d00000)
 ParOldGen       total 162816K, used 70699K [0x0000000081600000, 0x000000008b500000, 0x00000000d5d00000)
  object space 162816K, 43% used [0x0000000081600000,0x0000000085b0afe0,0x000000008b500000)
 Metaspace       used 3737K, capacity 4608K, committed 4864K, reserved 1056768K
  class space    used 415K, capacity 432K, committed 512K, reserved 1048576K
}
Event: 2.102 GC heap before
{Heap before GC invocations=7 (full 1):
 PSYoungGen      total 108544K, used 103520K [0x00000000d5d00000, 0x00000000e1d00000, 0x0000000100000000)
  eden space 103424K, 100% used [0x00000000d5d00000,0x00000000dc200000,0x00000000dc200000)
  from space 5120K, 1% used [0x00000000dda80000,0x00000000dda98000,0x00000000ddf80000)
  to   space 46592K, 0% used [0x00000000def80000,0x00000000def80000,0x00000000e1d00000)
 ParOldGen       total 162816K, used 70699K [0x0000000081600000, 0x000000008b500000, 0x00000000d5d00000)
  object space 162816K, 43% used [0x0000000081600000,0x0000000085b0afe0,0x000000008b500000)
 Metaspace       used 3737K, capacity 4608K, committed 4864K, reserved 1056768K
  class space    used 415K, capacity 432K, committed 512K, reserved 1048576K
Event: 2.109 GC heap after
Heap after GC invocations=7 (full 1):
 PSYoungGen      total 150528K, used 128K [0x00000000d5d00000, 0x00000000e2f00000, 0x0000000100000000)
  eden space 103936K, 0% used [0x00000000d5d00000,0x00000000d5d00000,0x00000000dc280000)
  from space 46592K, 0% used [0x00000000def80000,0x00000000defa0000,0x00000000e1d00000)
  to   space 46080K, 0% used [0x00000000dc280000,0x00000000dc280000,0x00000000def80000)
 ParOldGen       total 162816K, used 70699K [0x0000000081600000, 0x000000008b500000, 0x00000000d5d00000)
  object space 162816K, 43% used [0x0000000081600000,0x0000000085b0afe0,0x000000008b500000)
 Metaspace       used 3737K, capacity 4608K, committed 4864K, reserved 1056768K
  class space    used 415K, capacity 432K, committed 512K, reserved 1048576K
}
Event: 2.312 GC heap before
{Heap before GC invocations=8 (full 1):
 PSYoungGen      total 150528K, used 104064K [0x00000000d5d00000, 0x00000000e2f00000, 0x0000000100000000)
  eden space 103936K, 100% used [0x00000000d5d00000,0x00000000dc280000,0x00000000dc280000)
  from space 46592K, 0% used [0x00000000def80000,0x00000000defa0000,0x00000000e1d00000)
  to   space 46080K, 0% used [0x00000000dc280000,0x00000000dc280000,0x00000000def80000)
 ParOldGen       total 162816K, used 70699K [0x0000000081600000, 0x000000008b500000, 0x00000000d5d00000)
  object space 162816K, 43% used [0x0000000081600000,0x0000000085b0afe0,0x000000008b500000)
 Metaspace       used 3737K, capacity 4608K, committed 4864K, reserved 1056768K
  class space    used 415K, capacity 432K, committed 512K, reserved 1048576K
Event: 2.314 GC heap after
Heap after GC invocations=8 (full 1):
 PSYoungGen      total 150016K, used 64K [0x00000000d5d00000, 0x00000000e2900000, 0x0000000100000000)
  eden space 103936K, 0% used [0x00000000d5d00000,0x00000000d5d00000,0x00000000dc280000)
  from space 46080K, 0% used [0x00000000dc280000,0x00000000dc290000,0x00000000def80000)
  to   space 44544K, 0% used [0x00000000dfd80000,0x00000000dfd80000,0x00000000e2900000)
 ParOldGen       total 162816K, used 70699K [0x0000000081600000, 0x000000008b500000, 0x00000000d5d00000)
  object space 162816K, 43% used [0x0000000081600000,0x0000000085b0afe0,0x000000008b500000)
 Metaspace       used 3737K, capacity 4608K, committed 4864K, reserved 1056768K
  class space    used 415K, capacity 432K, committed 512K, reserved 1048576K
}
Event: 2.605 GC heap before
{Heap before GC invocations=9 (full 1):
 PSYoungGen      total 150016K, used 104000K [0x00000000d5d00000, 0x00000000e2900000, 0x0000000100000000)
  eden space 103936K, 100% used [0x00000000d5d00000,0x00000000dc280000,0x00000000dc280000)
  from space 46080K, 0% used [0x00000000dc280000,0x00000000dc290000,0x00000000def80000)
  to   space 44544K, 0% used [0x00000000dfd80000,0x00000000dfd80000,0x00000000e2900000)
 ParOldGen       total 162816K, used 70699K [0x0000000081600000, 0x000000008b500000, 0x00000000d5d00000)
  object space 162816K, 43% used [0x0000000081600000,0x0000000085b0afe0,0x000000008b500000)
 Metaspace       used 3738K, capacity 4608K, committed 4864K, reserved 1056768K
  class space    used 415K, capacity 432K, committed 512K, reserved 1048576K
Event: 2.648 GC heap after
Heap after GC invocations=9 (full 1):
 PSYoungGen      total 165888K, used 32K [0x00000000d5d00000, 0x00000000e2a80000, 0x0000000100000000)
  eden space 121344K, 0% used [0x00000000d5d00000,0x00000000d5d00000,0x00000000dd380000)
  from space 44544K, 0% used [0x00000000dfd80000,0x00000000dfd88000,0x00000000e2900000)
  to   space 43008K, 0% used [0x00000000dd380000,0x00000000dd380000,0x00000000dfd80000)
 ParOldGen       total 162816K, used 70699K [0x0000000081600000, 0x000000008b500000, 0x00000000d5d00000)
  object space 162816K, 43% used [0x0000000081600000,0x0000000085b0afe0,0x000000008b500000)
 Metaspace       used 3738K, capacity 4608K, committed 4864K, reserved 1056768K
  class space    used 415K, capacity 432K, committed 512K, reserved 1048576K
}

Deoptimization events (10 events):
Event: 0.753 Thread 0x0000000009953800 Uncommon trap: reason=unstable_if action=reinterpret pc=0x000000000f18eb3c method=io.openmessaging.v2.CommitLogV2.getIndexV2(Ljava/lang/String;)Lio/openmessaging/v2/IndexV2; @ 15
Event: 0.753 Thread 0x0000000009aae800 Uncommon trap: reason=unstable_if action=reinterpret pc=0x000000000f18eb3c method=io.openmessaging.v2.CommitLogV2.getIndexV2(Ljava/lang/String;)Lio/openmessaging/v2/IndexV2; @ 15
Event: 0.753 Thread 0x0000000009956000 Uncommon trap: reason=unstable_if action=reinterpret pc=0x000000000f19dd1c method=io.openmessaging.v2.CommitLogV2.getIndexV2(Ljava/lang/String;)Lio/openmessaging/v2/IndexV2; @ 15
Event: 0.753 Thread 0x0000000009953800 Uncommon trap: reason=unstable_if action=reinterpret pc=0x000000000f1853ac method=io.openmessaging.v2.LogFileV2.appendMessage([BLio/openmessaging/v2/IndexV2;)I @ 4
Event: 0.753 Thread 0x0000000009956000 Uncommon trap: reason=unstable_if action=reinterpret pc=0x000000000f198590 method=io.openmessaging.v2.CommitLogV2.getIndexV2(Ljava/lang/String;)Lio/openmessaging/v2/IndexV2; @ 15
Event: 1.607 Thread 0x0000000009aaf800 Uncommon trap: reason=unstable_if action=reinterpret pc=0x000000000f1b56b4 method=io.openmessaging.v2.LogFileV2.appendMessage([BLio/openmessaging/v2/IndexV2;)I @ 65
Event: 1.607 Thread 0x0000000009952000 Uncommon trap: reason=unstable_if action=reinterpret pc=0x000000000f1b56b4 method=io.openmessaging.v2.LogFileV2.appendMessage([BLio/openmessaging/v2/IndexV2;)I @ 65
Event: 1.607 Thread 0x0000000009a19000 Uncommon trap: reason=unstable_if action=reinterpret pc=0x000000000f1ab58c method=io.openmessaging.v2.LogFileV2.appendMessage([BLio/openmessaging/v2/IndexV2;)I @ 65
Event: 1.607 Thread 0x0000000009953800 Uncommon trap: reason=unstable_if action=reinterpret pc=0x000000000f1a5820 method=io.openmessaging.v2.LogFileV2.appendMessage([BLio/openmessaging/v2/IndexV2;)I @ 65
Event: 1.608 Thread 0x0000000009956000 Uncommon trap: reason=unstable_if action=reinterpret pc=0x000000000f1b56b4 method=io.openmessaging.v2.LogFileV2.appendMessage([BLio/openmessaging/v2/IndexV2;)I @ 65

Internal exceptions (2 events):
Event: 0.043 Thread 0x00000000020ef800 Exception <a 'java/lang/NoSuchMethodError': Method sun.misc.Unsafe.defineClass(Ljava/lang/String;[BII)Ljava/lang/Class; name or signature does not match> (0x00000000d5d07ca8) thrown at [C:\re\workspace\8-2-build-windows-amd64-cygwin\jdk8u121\8372\hotspot\
Event: 0.043 Thread 0x00000000020ef800 Exception <a 'java/lang/NoSuchMethodError': Method sun.misc.Unsafe.prefetchRead(Ljava/lang/Object;J)V name or signature does not match> (0x00000000d5d07f90) thrown at [C:\re\workspace\8-2-build-windows-amd64-cygwin\jdk8u121\8372\hotspot\src\share\vm\prims

Events (10 events):
Event: 1.692 Thread 0x0000000009a18000 DEOPT PACKING pc=0x000000000f18d4f5 sp=0x000000000b4ef140
Event: 1.692 Thread 0x0000000009a18000 DEOPT UNPACKING pc=0x000000000f05787f sp=0x000000000b4eeef8 mode 0
Event: 1.795 Executing VM operation: ParallelGCFailedAllocation
Event: 1.805 Executing VM operation: ParallelGCFailedAllocation done
Event: 2.099 Executing VM operation: ParallelGCFailedAllocation
Event: 2.109 Executing VM operation: ParallelGCFailedAllocation done
Event: 2.304 Executing VM operation: ParallelGCFailedAllocation
Event: 2.314 Executing VM operation: ParallelGCFailedAllocation done
Event: 2.586 Executing VM operation: ParallelGCFailedAllocation
Event: 2.648 Executing VM operation: ParallelGCFailedAllocation done


Dynamic libraries:
0x000000013fba0000 - 0x000000013fbd7000 	F:\JAVA8\Jdk\bin\java.exe
0x0000000077140000 - 0x00000000772ea000 	C:\windows\SYSTEM32\ntdll.dll
0x0000000077020000 - 0x000000007713f000 	C:\windows\system32\kernel32.dll
0x000007fefcea0000 - 0x000007fefcf0a000 	C:\windows\system32\KERNELBASE.dll
0x000007feff250000 - 0x000007feff32b000 	C:\windows\system32\ADVAPI32.dll
0x000007feff330000 - 0x000007feff3cf000 	C:\windows\system32\msvcrt.dll
0x000007fefd060000 - 0x000007fefd07f000 	C:\windows\SYSTEM32\sechost.dll
0x000007feff120000 - 0x000007feff24d000 	C:\windows\system32\RPCRT4.dll
0x0000000076de0000 - 0x0000000076eda000 	C:\windows\system32\USER32.dll
0x000007feff3e0000 - 0x000007feff447000 	C:\windows\system32\GDI32.dll
0x000007fefe310000 - 0x000007fefe31e000 	C:\windows\system32\LPK.dll
0x000007fefe480000 - 0x000007fefe54b000 	C:\windows\system32\USP10.dll
0x000007fefbba0000 - 0x000007fefbd94000 	C:\windows\WinSxS\amd64_microsoft.windows.common-controls_6595b64144ccf1df_6.0.7601.18837_none_fa3b1e3d17594757\COMCTL32.dll
0x000007fefe400000 - 0x000007fefe471000 	C:\windows\system32\SHLWAPI.dll
0x000007fefee90000 - 0x000007fefeebe000 	C:\windows\system32\IMM32.DLL
0x000007fefd080000 - 0x000007fefd189000 	C:\windows\system32\MSCTF.dll
0x000007fefcb30000 - 0x000007fefcb61000 	C:\windows\system32\nvinitx.dll
0x000007fefcb20000 - 0x000007fefcb2c000 	C:\windows\system32\VERSION.dll
0x000000000f000000 - 0x000000000f006000 	C:\Program Files\NVIDIA Corporation\CoProcManager\detoured.dll
0x000007fefa3c0000 - 0x000007fefa3f1000 	C:\Program Files\NVIDIA Corporation\CoProcManager\nvd3d9wrapx.dll
0x000007fefef40000 - 0x000007feff117000 	C:\windows\system32\SETUPAPI.dll
0x000007fefd010000 - 0x000007fefd046000 	C:\windows\system32\CFGMGR32.dll
0x000007fefe320000 - 0x000007fefe3fa000 	C:\windows\system32\OLEAUT32.dll
0x000007fefe650000 - 0x000007fefe84c000 	C:\windows\system32\ole32.dll
0x000007fefcdd0000 - 0x000007fefcdea000 	C:\windows\system32\DEVOBJ.dll
0x000007fefa390000 - 0x000007fefa3b2000 	C:\Program Files\NVIDIA Corporation\CoProcManager\nvdxgiwrapx.dll
0x0000000052750000 - 0x0000000052822000 	F:\JAVA8\Jdk\jre\bin\msvcr100.dll
0x00000000700c0000 - 0x000000007095b000 	F:\JAVA8\Jdk\jre\bin\server\jvm.dll
0x000007fef5a40000 - 0x000007fef5a49000 	C:\windows\system32\WSOCK32.dll
0x000007fefeae0000 - 0x000007fefeb2d000 	C:\windows\system32\WS2_32.dll
0x000007feff3d0000 - 0x000007feff3d8000 	C:\windows\system32\NSI.dll
0x000007fefcfb0000 - 0x000007fefcfeb000 	C:\windows\system32\WINMM.dll
0x0000000077300000 - 0x0000000077307000 	C:\windows\system32\PSAPI.DLL
0x0000000053820000 - 0x000000005382f000 	F:\JAVA8\Jdk\jre\bin\verify.dll
0x0000000052b50000 - 0x0000000052b79000 	F:\JAVA8\Jdk\jre\bin\java.dll
0x0000000053610000 - 0x0000000053633000 	F:\JAVA8\Jdk\jre\bin\instrument.dll
0x0000000052b30000 - 0x0000000052b46000 	F:\JAVA8\Jdk\jre\bin\zip.dll
0x000007fefd250000 - 0x000007fefdfda000 	C:\windows\system32\SHELL32.dll
0x000007fefcc10000 - 0x000007fefcc1f000 	C:\windows\system32\profapi.dll
0x000007fef3c10000 - 0x000007fef3c2a000 	E:\JetBrains\IntelliJ IDEA 2017.1.2\bin\breakgen64.dll
0x0000000052b10000 - 0x0000000052b2a000 	F:\JAVA8\Jdk\jre\bin\net.dll
0x000007fefc310000 - 0x000007fefc365000 	C:\windows\system32\mswsock.dll
0x000007fefc300000 - 0x000007fefc307000 	C:\windows\System32\wship6.dll
0x0000000052af0000 - 0x0000000052b01000 	F:\JAVA8\Jdk\jre\bin\nio.dll
0x000007fef4170000 - 0x000007fef4295000 	C:\windows\system32\dbghelp.dll

VM Arguments:
jvm_args: -javaagent:E:\JetBrains\IntelliJ IDEA 2017.1.2\lib\idea_rt.jar=63441:E:\JetBrains\IntelliJ IDEA 2017.1.2\bin -Dfile.encoding=UTF-8 
java_command: io.openmessaging.DemoTester
java_class_path (initial): F:\JAVA8\Jdk\jre\lib\charsets.jar;F:\JAVA8\Jdk\jre\lib\deploy.jar;F:\JAVA8\Jdk\jre\lib\ext\access-bridge-64.jar;F:\JAVA8\Jdk\jre\lib\ext\cldrdata.jar;F:\JAVA8\Jdk\jre\lib\ext\dnsns.jar;F:\JAVA8\Jdk\jre\lib\ext\jaccess.jar;F:\JAVA8\Jdk\jre\lib\ext\jfxrt.jar;F:\JAVA8\Jdk\jre\lib\ext\localedata.jar;F:\JAVA8\Jdk\jre\lib\ext\nashorn.jar;F:\JAVA8\Jdk\jre\lib\ext\sunec.jar;F:\JAVA8\Jdk\jre\lib\ext\sunjce_provider.jar;F:\JAVA8\Jdk\jre\lib\ext\sunmscapi.jar;F:\JAVA8\Jdk\jre\lib\ext\sunpkcs11.jar;F:\JAVA8\Jdk\jre\lib\ext\zipfs.jar;F:\JAVA8\Jdk\jre\lib\javaws.jar;F:\JAVA8\Jdk\jre\lib\jce.jar;F:\JAVA8\Jdk\jre\lib\jfr.jar;F:\JAVA8\Jdk\jre\lib\jfxswt.jar;F:\JAVA8\Jdk\jre\lib\jsse.jar;F:\JAVA8\Jdk\jre\lib\management-agent.jar;F:\JAVA8\Jdk\jre\lib\plugin.jar;F:\JAVA8\Jdk\jre\lib\resources.jar;F:\JAVA8\Jdk\jre\lib\rt.jar;E:\IdeaProjects\queuerace2018\target\classes;E:\maven\repository\org\slf4j\slf4j-log4j12\1.7.6\slf4j-log4j12-1.7.6.jar;E:\maven\repository\org\slf4j\slf4j-api\1.7.6\slf4j-api-1.7.6.jar;E:\maven\repository\log4j\log4j\1.2.17\log4j-1.2.17.jar;E:\JetBrains\IntelliJ IDEA 2017.1.2\lib\idea_rt.jar
Launcher Type: SUN_STANDARD

Environment Variables:
JAVA_HOME=F:\JAVA8\Jdk
CLASSPATH=.;F:\JAVA8\Jdk\lib\dt.jar;F:\JAVA8\Jdk\lib\tools.jar;
PATH=C:\ProgramData\Oracle\Java\javapath;C:\windows\system32;C:\windows;C:\windows\System32\Wbem;C:\windows\System32\WindowsPowerShell\v1.0\;E:\Git\cmd;F:\JAVA8\Jdk\bin;F:\JAVA8\Jdk\jre\bin;E:\MySQL\MySQL Server 5.5\bin;E:\apache-maven-3.5.0\bin;E:\Tesseract-OCR;C:\Program Files (x86)\NVIDIA Corporation\PhysX\Common;C:\Program Files\WIDCOMM\Bluetooth Software\;C:\Program Files\WIDCOMM\Bluetooth Software\syswow64;E:\Tesseract-OCR;D:\Program Files\php;E:\Go\bin;E:\Program Files\IDM Computer Solutions\UltraEdit;D:\Cadence\SPB_16.6\openaccess\bin\win32\opt;D:\Cadence\SPB_16.6\tools\capture;D:\Cadence\SPB_16.6\tools\pspice;D:\Cadence\SPB_16.6\tools\specctra\bin;D:\Cadence\SPB_16.6\tools\fet\bin;D:\Cadence\SPB_16.6\tools\libutil\bin;D:\Cadence\SPB_16.6\tools\bin;D:\Cadence\SPB_16.6\tools\pcb\bin;D:\modeltech64_10.1c\win64;E:\altera\13.0\modelsim_ase\win32aloem
USERNAME=Administrator
OS=Windows_NT
PROCESSOR_IDENTIFIER=Intel64 Family 6 Model 61 Stepping 4, GenuineIntel



---------------  S Y S T E M  ---------------

OS: Windows 7 , 64 bit Build 7601 (6.1.7601.23915)

CPU:total 4 (2 cores per cpu, 2 threads per core) family 6 model 61 stepping 4, cmov, cx8, fxsr, mmx, sse, sse2, sse3, ssse3, sse4.1, sse4.2, popcnt, avx, avx2, aes, clmul, erms, 3dnowpref, lzcnt, ht, tsc, tscinvbit, bmi1, bmi2, adx

Memory: 4k page, physical 8297716k(3656444k free), swap 16593572k(8461408k free)

vm_info: Java HotSpot(TM) 64-Bit Server VM (25.121-b13) for windows-amd64 JRE (1.8.0_121-b13), built on Dec 12 2016 18:21:36 by "java_re" with MS VC++ 10.0 (VS2010)

time: Wed Jul 11 02:25:03 2018
elapsed time: 2 seconds (0d 0h 0m 2s)

