#
# A fatal error has been detected by the Java Runtime Environment:
#
#  EXCEPTION_ACCESS_VIOLATION (0xc0000005) at pc=0x000000000f1c0e71, pid=25256, tid=0x00000000000063a8
#
# JRE version: Java(TM) SE Runtime Environment (8.0_121-b13) (build 1.8.0_121-b13)
# Java VM: Java HotSpot(TM) 64-Bit Server VM (25.121-b13 mixed mode windows-amd64 compressed oops)
# Problematic frame:
# J 210 C2 io.openmessaging.DefaultQueueStoreImpl.put(Ljava/lang/String;[B)V (11 bytes) @ 0x000000000f1c0e71 [0x000000000f1c0c60+0x211]
#
# Failed to write core dump. Minidumps are not enabled by default on client versions of Windows
#
# If you would like to submit a bug report, please visit:
#   http://bugreport.java.com/bugreport/crash.jsp
#

---------------  T H R E A D  ---------------

Current thread (0x000000000a3f0800):  JavaThread "Thread-8" [_thread_in_Java, id=25512, stack(0x000000000c360000,0x000000000c460000)]

siginfo: ExceptionCode=0xc0000005, writing address 0x000000027b58567c

Registers:
RAX=0x0000000000000000, RBX=0x0000000000000000, RCX=0x000000027b580000, RDX=0x000000027b580000
RSP=0x000000000c45f0d0, RBP=0x0000000081680c70, RSI=0x000000000000003c, RDI=0x000000008562b0c8
R8 =0x00000000ffffffff, R9 =0x000000000000021c, R10=0x000000000000567c, R11=0x0000000000000000
R12=0x0000000000000000, R13=0x00000000e0c0a918, R14=0x00000000e0c0aaf8, R15=0x000000000a3f0800
RIP=0x000000000f1c0e71, EFLAGS=0x0000000000010206

Top of Stack: (sp=0x000000000c45f0d0)
0x000000000c45f0d0:   000000013f580208 000000013f580208
0x000000000c45f0e0:   0000000000000005 0000000000000c00
0x000000000c45f0f0:   000000008562b0c8 00000000d9139f18
0x000000000c45f100:   000000008562b0b8 000000000000003a
0x000000000c45f110:   0000000082791128 240000000000003a
0x000000000c45f120:   0000003c83eeeae8 000000000000567c
0x000000000c45f130:   000000027b580000 000000000000003a
0x000000000c45f140:   000000000000003a ffffffff00000001
0x000000000c45f150:   000000000000000b 000000013f58da58
0x000000000c45f160:   00000000d9026058 0000000000000008
0x000000000c45f170:   0000000000000009 0000000000000006
0x000000000c45f180:   0000000083eee8d0 0000000000000009
0x000000000c45f190:   0000000083eee8d0 000000000f1b3110
0x000000000c45f1a0:   01d4187a61490fcf 0000000000000035
0x000000000c45f1b0:   000000000a3f0800 0000000000000001
0x000000000c45f1c0:   0000000083eeeaa8 00000000d9139ee8 

Instructions: (pc=0x000000000f1c0e71)
0x000000000f1c0e51:   ff 0f 8c 15 08 00 00 44 3b 5c 24 4c 0f 8d 36 08
0x000000000f1c0e61:   00 00 48 8b d1 48 03 d3 4d 63 d3 44 8b 5c 24 3c
0x000000000f1c0e71:   46 88 1c 12 8b 6c 24 58 ff c5 3b 6c 24 4c 0f 8d
0x000000000f1c0e81:   48 08 00 00 4c 63 d5 44 8b 5c 24 48 46 88 1c 12 


Register to memory mapping:

RAX=0x0000000000000000 is an unknown value
RBX=0x0000000000000000 is an unknown value
RCX=0x000000027b580000 is an unknown value
RDX=0x000000027b580000 is an unknown value
RSP=0x000000000c45f0d0 is pointing into the stack for thread: 0x000000000a3f0800
RBP=0x0000000081680c70 is an oop
[Lio.openmessaging.v2.LogFileV2; 
 - klass: 'io/openmessaging/v2/LogFileV2'[]
 - length: 250
RSI=0x000000000000003c is an unknown value
RDI=0x000000008562b0c8 is pointing into object: 0x000000008562b0b8
[B 
 - klass: {type array byte}
 - length: 58
R8 =0x00000000ffffffff is an unallocated location in the heap
R9 =0x000000000000021c is an unknown value
R10=0x000000000000567c is an unknown value
R11=0x0000000000000000 is an unknown value
R12=0x0000000000000000 is an unknown value
R13=0x00000000e0c0a918 is an oop
io.openmessaging.v2.LogFileV2 
 - klass: 'io/openmessaging/v2/LogFileV2'
R14=0x00000000e0c0aaf8 is an oop
java.nio.DirectByteBuffer 
 - klass: 'java/nio/DirectByteBuffer'
R15=0x000000000a3f0800 is a thread


Stack: [0x000000000c360000,0x000000000c460000],  sp=0x000000000c45f0d0,  free space=1020k
Native frames: (J=compiled Java code, j=interpreted, Vv=VM code, C=native code)
C  0x000000000f1c0e71


---------------  P R O C E S S  ---------------

Java Threads: ( => current thread )
  0x000000000a433000 JavaThread "Thread-9" [_thread_blocked, id=23744, stack(0x000000000c660000,0x000000000c760000)]
=>0x000000000a3f0800 JavaThread "Thread-8" [_thread_in_Java, id=25512, stack(0x000000000c360000,0x000000000c460000)]
  0x000000000a3f0000 JavaThread "Thread-7" [_thread_in_Java, id=24668, stack(0x000000000c4b0000,0x000000000c5b0000)]
  0x000000000a3ef000 JavaThread "Thread-6" [_thread_blocked, id=24872, stack(0x000000000ad60000,0x000000000ae60000)]
  0x000000000a3ee000 JavaThread "Thread-5" [_thread_in_Java, id=20024, stack(0x000000000c130000,0x000000000c230000)]
  0x000000000a3da800 JavaThread "Thread-4" [_thread_blocked, id=23420, stack(0x000000000c240000,0x000000000c340000)]
  0x000000000a3da000 JavaThread "Thread-3" [_thread_blocked, id=24996, stack(0x000000000bff0000,0x000000000c0f0000)]
  0x000000000a3d9000 JavaThread "Thread-2" [_thread_in_Java, id=25188, stack(0x000000000be40000,0x000000000bf40000)]
  0x000000000a3af000 JavaThread "Thread-1" [_thread_in_Java, id=24636, stack(0x000000000bcc0000,0x000000000bdc0000)]
  0x000000000a3ae800 JavaThread "Thread-0" [_thread_in_Java, id=25316, stack(0x000000000bad0000,0x000000000bbd0000)]
  0x000000000a1bf800 JavaThread "Service Thread" daemon [_thread_blocked, id=24716, stack(0x000000000ae70000,0x000000000af70000)]
  0x000000000a12b000 JavaThread "C1 CompilerThread2" daemon [_thread_blocked, id=23940, stack(0x000000000ac50000,0x000000000ad50000)]
  0x000000000a127000 JavaThread "C2 CompilerThread1" daemon [_thread_blocked, id=24620, stack(0x000000000aab0000,0x000000000abb0000)]
  0x000000000a126000 JavaThread "C2 CompilerThread0" daemon [_thread_blocked, id=24224, stack(0x000000000a880000,0x000000000a980000)]
  0x000000000a12a800 JavaThread "Monitor Ctrl-Break" daemon [_thread_in_native, id=25320, stack(0x000000000a760000,0x000000000a860000)]
  0x000000000a0aa800 JavaThread "Attach Listener" daemon [_thread_blocked, id=20116, stack(0x000000000a5a0000,0x000000000a6a0000)]
  0x000000000a0a9800 JavaThread "Signal Dispatcher" daemon [_thread_blocked, id=25224, stack(0x0000000009cb0000,0x0000000009db0000)]
  0x0000000008bda800 JavaThread "Finalizer" daemon [_thread_blocked, id=25020, stack(0x0000000009fa0000,0x000000000a0a0000)]
  0x0000000008b93800 JavaThread "Reference Handler" daemon [_thread_blocked, id=19836, stack(0x0000000009e40000,0x0000000009f40000)]
  0x000000000218f800 JavaThread "main" [_thread_blocked, id=23012, stack(0x0000000002d30000,0x0000000002e30000)]

Other Threads:
  0x0000000008b8b800 VMThread [stack: 0x0000000009ba0000,0x0000000009ca0000] [id=21488]
  0x000000000a1dc800 WatcherThread [stack: 0x000000000afd0000,0x000000000b0d0000] [id=25576]

VM state:not at safepoint (normal execution)

VM Mutex/Monitor currently owned by a thread: None

Heap:
 PSYoungGen      total 174080K, used 81863K [0x00000000d5d00000, 0x00000000e2d00000, 0x0000000100000000)
  eden space 140288K, 58% used [0x00000000d5d00000,0x00000000dace1ff8,0x00000000de600000)
  from space 33792K, 0% used [0x00000000e0c00000,0x00000000e0c10000,0x00000000e2d00000)
  to   space 36352K, 0% used [0x00000000de600000,0x00000000de600000,0x00000000e0980000)
 ParOldGen       total 162816K, used 70697K [0x0000000081600000, 0x000000008b500000, 0x00000000d5d00000)
  object space 162816K, 43% used [0x0000000081600000,0x0000000085b0a778,0x000000008b500000)
 Metaspace       used 3812K, capacity 4614K, committed 4864K, reserved 1056768K
  class space    used 423K, capacity 433K, committed 512K, reserved 1048576K

Card table byte_map: [0x00000000031f0000,0x00000000035f0000] byte_map_base: 0x0000000002de5000

Marking Bits: (ParMarkBitMap*) 0x00000000029ab6d0
 Begin Bits: [0x0000000003eb0000, 0x0000000005e58000)
 End Bits:   [0x0000000005e58000, 0x0000000007e00000)

Polling page: 0x0000000000320000

CodeCache: size=245760Kb used=1726Kb max_used=1733Kb free=244033Kb
 bounds [0x000000000f010000, 0x000000000f280000, 0x000000001e010000]
 total_blobs=490 nmethods=216 adapters=187
 compilation: enabled

Compilation events (10 events):
Event: 3.516 Thread 0x000000000a12b000  213       3       sun.reflect.ClassFileAssembler::emitByte (11 bytes)
Event: 3.516 Thread 0x000000000a12b000 nmethod 213 0x000000000f1bc150 code [0x000000000f1bc2c0, 0x000000000f1bc488]
Event: 3.516 Thread 0x000000000a12b000  214       3       sun.reflect.ByteVectorImpl::add (38 bytes)
Event: 3.516 Thread 0x000000000a12b000 nmethod 214 0x000000000f1bbc90 code [0x000000000f1bbe00, 0x000000000f1bc028]
Event: 3.517 Thread 0x000000000a12b000  215       3       sun.reflect.ClassFileAssembler::emitShort (24 bytes)
Event: 3.518 Thread 0x000000000a12b000 nmethod 215 0x000000000f1bb5d0 code [0x000000000f1bb760, 0x000000000f1bba98]
Event: 3.518 Thread 0x000000000a12b000  216       3       sun.reflect.ByteVectorImpl::getLength (7 bytes)
Event: 3.518 Thread 0x000000000a12b000 nmethod 216 0x000000000f1973d0 code [0x000000000f197520, 0x000000000f197670]
Event: 3.518 Thread 0x000000000a12b000  217       3       sun.reflect.ByteVectorImpl::get (26 bytes)
Event: 3.518 Thread 0x000000000a12b000 nmethod 217 0x000000000f1bb110 code [0x000000000f1bb280, 0x000000000f1bb4a8]

GC Heap History (10 events):
Event: 2.446 GC heap before
{Heap before GC invocations=9 (full 1):
 PSYoungGen      total 147456K, used 101920K [0x00000000d5d00000, 0x00000000e2e00000, 0x0000000100000000)
  eden space 101888K, 100% used [0x00000000d5d00000,0x00000000dc080000,0x00000000dc080000)
  from space 45568K, 0% used [0x00000000dc080000,0x00000000dc088000,0x00000000ded00000)
  to   space 44544K, 0% used [0x00000000e0280000,0x00000000e0280000,0x00000000e2e00000)
 ParOldGen       total 162816K, used 70697K [0x0000000081600000, 0x000000008b500000, 0x00000000d5d00000)
  object space 162816K, 43% used [0x0000000081600000,0x0000000085b0a778,0x000000008b500000)
 Metaspace       used 3731K, capacity 4608K, committed 4864K, reserved 1056768K
  class space    used 415K, capacity 432K, committed 512K, reserved 1048576K
Event: 2.450 GC heap after
Heap after GC invocations=9 (full 1):
 PSYoungGen      total 159232K, used 32K [0x00000000d5d00000, 0x00000000e2780000, 0x0000000100000000)
  eden space 121344K, 0% used [0x00000000d5d00000,0x00000000d5d00000,0x00000000dd380000)
  from space 37888K, 0% used [0x00000000e0280000,0x00000000e0288000,0x00000000e2780000)
  to   space 43008K, 0% used [0x00000000dd380000,0x00000000dd380000,0x00000000dfd80000)
 ParOldGen       total 162816K, used 70697K [0x0000000081600000, 0x000000008b500000, 0x00000000d5d00000)
  object space 162816K, 43% used [0x0000000081600000,0x0000000085b0a778,0x000000008b500000)
 Metaspace       used 3731K, capacity 4608K, committed 4864K, reserved 1056768K
  class space    used 415K, capacity 432K, committed 512K, reserved 1048576K
}
Event: 2.733 GC heap before
{Heap before GC invocations=10 (full 1):
 PSYoungGen      total 159232K, used 121376K [0x00000000d5d00000, 0x00000000e2780000, 0x0000000100000000)
  eden space 121344K, 100% used [0x00000000d5d00000,0x00000000dd380000,0x00000000dd380000)
  from space 37888K, 0% used [0x00000000e0280000,0x00000000e0288000,0x00000000e2780000)
  to   space 43008K, 0% used [0x00000000dd380000,0x00000000dd380000,0x00000000dfd80000)
 ParOldGen       total 162816K, used 70697K [0x0000000081600000, 0x000000008b500000, 0x00000000d5d00000)
  object space 162816K, 43% used [0x0000000081600000,0x0000000085b0a778,0x000000008b500000)
 Metaspace       used 3731K, capacity 4608K, committed 4864K, reserved 1056768K
  class space    used 415K, capacity 432K, committed 512K, reserved 1048576K
Event: 2.740 GC heap after
Heap after GC invocations=10 (full 1):
 PSYoungGen      total 164352K, used 64K [0x00000000d5d00000, 0x00000000e3080000, 0x0000000100000000)
  eden space 121344K, 0% used [0x00000000d5d00000,0x00000000d5d00000,0x00000000dd380000)
  from space 43008K, 0% used [0x00000000dd380000,0x00000000dd390000,0x00000000dfd80000)
  to   space 41472K, 0% used [0x00000000e0800000,0x00000000e0800000,0x00000000e3080000)
 ParOldGen       total 162816K, used 70697K [0x0000000081600000, 0x000000008b500000, 0x00000000d5d00000)
  object space 162816K, 43% used [0x0000000081600000,0x0000000085b0a778,0x000000008b500000)
 Metaspace       used 3731K, capacity 4608K, committed 4864K, reserved 1056768K
  class space    used 415K, capacity 432K, committed 512K, reserved 1048576K
}
Event: 3.064 GC heap before
{Heap before GC invocations=11 (full 1):
 PSYoungGen      total 164352K, used 121408K [0x00000000d5d00000, 0x00000000e3080000, 0x0000000100000000)
  eden space 121344K, 100% used [0x00000000d5d00000,0x00000000dd380000,0x00000000dd380000)
  from space 43008K, 0% used [0x00000000dd380000,0x00000000dd390000,0x00000000dfd80000)
  to   space 41472K, 0% used [0x00000000e0800000,0x00000000e0800000,0x00000000e3080000)
 ParOldGen       total 162816K, used 70697K [0x0000000081600000, 0x000000008b500000, 0x00000000d5d00000)
  object space 162816K, 43% used [0x0000000081600000,0x0000000085b0a778,0x000000008b500000)
 Metaspace       used 3731K, capacity 4608K, committed 4864K, reserved 1056768K
  class space    used 415K, capacity 432K, committed 512K, reserved 1048576K
Event: 3.070 GC heap after
Heap after GC invocations=11 (full 1):
 PSYoungGen      total 167936K, used 32K [0x00000000d5d00000, 0x00000000e2b00000, 0x0000000100000000)
  eden space 132096K, 0% used [0x00000000d5d00000,0x00000000d5d00000,0x00000000dde00000)
  from space 35840K, 0% used [0x00000000e0800000,0x00000000e0808000,0x00000000e2b00000)
  to   space 39424K, 0% used [0x00000000dde00000,0x00000000dde00000,0x00000000e0480000)
 ParOldGen       total 162816K, used 70697K [0x0000000081600000, 0x000000008b500000, 0x00000000d5d00000)
  object space 162816K, 43% used [0x0000000081600000,0x0000000085b0a778,0x000000008b500000)
 Metaspace       used 3731K, capacity 4608K, committed 4864K, reserved 1056768K
  class space    used 415K, capacity 432K, committed 512K, reserved 1048576K
}
Event: 3.351 GC heap before
{Heap before GC invocations=12 (full 1):
 PSYoungGen      total 167936K, used 132128K [0x00000000d5d00000, 0x00000000e2b00000, 0x0000000100000000)
  eden space 132096K, 100% used [0x00000000d5d00000,0x00000000dde00000,0x00000000dde00000)
  from space 35840K, 0% used [0x00000000e0800000,0x00000000e0808000,0x00000000e2b00000)
  to   space 39424K, 0% used [0x00000000dde00000,0x00000000dde00000,0x00000000e0480000)
 ParOldGen       total 162816K, used 70697K [0x0000000081600000, 0x000000008b500000, 0x00000000d5d00000)
  object space 162816K, 43% used [0x0000000081600000,0x0000000085b0a778,0x000000008b500000)
 Metaspace       used 3731K, capacity 4608K, committed 4864K, reserved 1056768K
  class space    used 415K, capacity 432K, committed 512K, reserved 1048576K
Event: 3.352 GC heap after
Heap after GC invocations=12 (full 1):
 PSYoungGen      total 171520K, used 32K [0x00000000d5d00000, 0x00000000e3100000, 0x0000000100000000)
  eden space 132096K, 0% used [0x00000000d5d00000,0x00000000d5d00000,0x00000000dde00000)
  from space 39424K, 0% used [0x00000000dde00000,0x00000000dde08000,0x00000000e0480000)
  to   space 37888K, 0% used [0x00000000e0c00000,0x00000000e0c00000,0x00000000e3100000)
 ParOldGen       total 162816K, used 70697K [0x0000000081600000, 0x000000008b500000, 0x00000000d5d00000)
  object space 162816K, 43% used [0x0000000081600000,0x0000000085b0a778,0x000000008b500000)
 Metaspace       used 3731K, capacity 4608K, committed 4864K, reserved 1056768K
  class space    used 415K, capacity 432K, committed 512K, reserved 1048576K
}
Event: 3.672 GC heap before
{Heap before GC invocations=13 (full 1):
 PSYoungGen      total 171520K, used 132128K [0x00000000d5d00000, 0x00000000e3100000, 0x0000000100000000)
  eden space 132096K, 100% used [0x00000000d5d00000,0x00000000dde00000,0x00000000dde00000)
  from space 39424K, 0% used [0x00000000dde00000,0x00000000dde08000,0x00000000e0480000)
  to   space 37888K, 0% used [0x00000000e0c00000,0x00000000e0c00000,0x00000000e3100000)
 ParOldGen       total 162816K, used 70697K [0x0000000081600000, 0x000000008b500000, 0x00000000d5d00000)
  object space 162816K, 43% used [0x0000000081600000,0x0000000085b0a778,0x000000008b500000)
 Metaspace       used 3812K, capacity 4614K, committed 4864K, reserved 1056768K
  class space    used 423K, capacity 433K, committed 512K, reserved 1048576K
Event: 3.677 GC heap after
Heap after GC invocations=13 (full 1):
 PSYoungGen      total 174080K, used 64K [0x00000000d5d00000, 0x00000000e2d00000, 0x0000000100000000)
  eden space 140288K, 0% used [0x00000000d5d00000,0x00000000d5d00000,0x00000000de600000)
  from space 33792K, 0% used [0x00000000e0c00000,0x00000000e0c10000,0x00000000e2d00000)
  to   space 36352K, 0% used [0x00000000de600000,0x00000000de600000,0x00000000e0980000)
 ParOldGen       total 162816K, used 70697K [0x0000000081600000, 0x000000008b500000, 0x00000000d5d00000)
  object space 162816K, 43% used [0x0000000081600000,0x0000000085b0a778,0x000000008b500000)
 Metaspace       used 3812K, capacity 4614K, committed 4864K, reserved 1056768K
  class space    used 423K, capacity 433K, committed 512K, reserved 1048576K
}

Deoptimization events (10 events):
Event: 0.801 Thread 0x000000000a3da800 Uncommon trap: reason=unstable_if action=reinterpret pc=0x000000000f189934 method=io.openmessaging.v2.LogFileV2.appendMessage([BLio/openmessaging/v2/IndexV2;)I @ 4
Event: 0.801 Thread 0x000000000a3da800 Uncommon trap: reason=unstable_if action=reinterpret pc=0x000000000f192ddc method=io.openmessaging.v2.CommitLogV2.getIndexV2(Ljava/lang/String;)Lio/openmessaging/v2/IndexV2; @ 15
Event: 0.801 Thread 0x000000000a3da800 Uncommon trap: reason=unstable_if action=reinterpret pc=0x000000000f19e8d0 method=io.openmessaging.v2.CommitLogV2.getIndexV2(Ljava/lang/String;)Lio/openmessaging/v2/IndexV2; @ 15
Event: 1.546 Thread 0x000000000a3af000 Uncommon trap: reason=unstable_if action=reinterpret pc=0x000000000f1a8d4c method=io.openmessaging.v2.LogFileV2.appendMessage([BLio/openmessaging/v2/IndexV2;)I @ 58
Event: 1.546 Thread 0x000000000a433000 Uncommon trap: reason=unstable_if action=reinterpret pc=0x000000000f1a8d4c method=io.openmessaging.v2.LogFileV2.appendMessage([BLio/openmessaging/v2/IndexV2;)I @ 58
Event: 1.546 Thread 0x000000000a3ae800 Uncommon trap: reason=unstable_if action=reinterpret pc=0x000000000f1ad468 method=io.openmessaging.v2.LogFileV2.appendMessage([BLio/openmessaging/v2/IndexV2;)I @ 58
Event: 1.546 Thread 0x000000000a3ee000 Uncommon trap: reason=unstable_if action=reinterpret pc=0x000000000f1a8d4c method=io.openmessaging.v2.LogFileV2.appendMessage([BLio/openmessaging/v2/IndexV2;)I @ 58
Event: 1.546 Thread 0x000000000a3d9000 Uncommon trap: reason=unstable_if action=reinterpret pc=0x000000000f1a33a8 method=io.openmessaging.v2.LogFileV2.appendMessage([BLio/openmessaging/v2/IndexV2;)I @ 58
Event: 1.546 Thread 0x000000000a3f0800 Uncommon trap: reason=unstable_if action=reinterpret pc=0x000000000f1a8d4c method=io.openmessaging.v2.LogFileV2.appendMessage([BLio/openmessaging/v2/IndexV2;)I @ 58
Event: 1.546 Thread 0x000000000a3f0000 Uncommon trap: reason=unstable_if action=reinterpret pc=0x000000000f1a8d4c method=io.openmessaging.v2.LogFileV2.appendMessage([BLio/openmessaging/v2/IndexV2;)I @ 58

Internal exceptions (2 events):
Event: 0.058 Thread 0x000000000218f800 Exception <a 'java/lang/NoSuchMethodError': Method sun.misc.Unsafe.defineClass(Ljava/lang/String;[BII)Ljava/lang/Class; name or signature does not match> (0x00000000d5d07ca8) thrown at [C:\re\workspace\8-2-build-windows-amd64-cygwin\jdk8u121\8372\hotspot\
Event: 0.058 Thread 0x000000000218f800 Exception <a 'java/lang/NoSuchMethodError': Method sun.misc.Unsafe.prefetchRead(Ljava/lang/Object;J)V name or signature does not match> (0x00000000d5d07f90) thrown at [C:\re\workspace\8-2-build-windows-amd64-cygwin\jdk8u121\8372\hotspot\src\share\vm\prims

Events (10 events):
Event: 3.517 loading class sun/reflect/MethodAccessorGenerator$1
Event: 3.517 loading class sun/reflect/MethodAccessorGenerator$1 done
Event: 3.517 loading class sun/reflect/ClassDefiner
Event: 3.517 loading class sun/reflect/ClassDefiner done
Event: 3.518 loading class sun/reflect/ClassDefiner$1
Event: 3.518 loading class sun/reflect/ClassDefiner$1 done
Event: 3.518 loading class sun/reflect/BootstrapConstructorAccessorImpl
Event: 3.518 loading class sun/reflect/BootstrapConstructorAccessorImpl done
Event: 3.666 Executing VM operation: ParallelGCFailedAllocation
Event: 3.677 Executing VM operation: ParallelGCFailedAllocation done


Dynamic libraries:
0x000000013f540000 - 0x000000013f577000 	F:\JAVA8\Jdk\bin\java.exe
0x0000000077140000 - 0x00000000772ea000 	C:\windows\SYSTEM32\ntdll.dll
0x0000000077020000 - 0x000000007713f000 	C:\windows\system32\kernel32.dll
0x000007fefcea0000 - 0x000007fefcf0a000 	C:\windows\system32\KERNELBASE.dll
0x000007feff250000 - 0x000007feff32b000 	C:\windows\system32\ADVAPI32.dll
0x000007feff330000 - 0x000007feff3cf000 	C:\windows\system32\msvcrt.dll
0x000007fefd060000 - 0x000007fefd07f000 	C:\windows\SYSTEM32\sechost.dll
0x000007feff120000 - 0x000007feff24d000 	C:\windows\system32\RPCRT4.dll
0x0000000076de0000 - 0x0000000076eda000 	C:\windows\system32\USER32.dll
0x000007feff3e0000 - 0x000007feff447000 	C:\windows\system32\GDI32.dll
0x000007fefe310000 - 0x000007fefe31e000 	C:\windows\system32\LPK.dll
0x000007fefe480000 - 0x000007fefe54b000 	C:\windows\system32\USP10.dll
0x000007fefbba0000 - 0x000007fefbd94000 	C:\windows\WinSxS\amd64_microsoft.windows.common-controls_6595b64144ccf1df_6.0.7601.18837_none_fa3b1e3d17594757\COMCTL32.dll
0x000007fefe400000 - 0x000007fefe471000 	C:\windows\system32\SHLWAPI.dll
0x000007fefee90000 - 0x000007fefeebe000 	C:\windows\system32\IMM32.DLL
0x000007fefd080000 - 0x000007fefd189000 	C:\windows\system32\MSCTF.dll
0x000007fefcb30000 - 0x000007fefcb61000 	C:\windows\system32\nvinitx.dll
0x000007fefcb20000 - 0x000007fefcb2c000 	C:\windows\system32\VERSION.dll
0x000000000f000000 - 0x000000000f006000 	C:\Program Files\NVIDIA Corporation\CoProcManager\detoured.dll
0x000007fefa3c0000 - 0x000007fefa3f1000 	C:\Program Files\NVIDIA Corporation\CoProcManager\nvd3d9wrapx.dll
0x000007fefef40000 - 0x000007feff117000 	C:\windows\system32\SETUPAPI.dll
0x000007fefd010000 - 0x000007fefd046000 	C:\windows\system32\CFGMGR32.dll
0x000007fefe320000 - 0x000007fefe3fa000 	C:\windows\system32\OLEAUT32.dll
0x000007fefe650000 - 0x000007fefe84c000 	C:\windows\system32\ole32.dll
0x000007fefcdd0000 - 0x000007fefcdea000 	C:\windows\system32\DEVOBJ.dll
0x000007fefa390000 - 0x000007fefa3b2000 	C:\Program Files\NVIDIA Corporation\CoProcManager\nvdxgiwrapx.dll
0x0000000052750000 - 0x0000000052822000 	F:\JAVA8\Jdk\jre\bin\msvcr100.dll
0x0000000002190000 - 0x0000000002a2b000 	F:\JAVA8\Jdk\jre\bin\server\jvm.dll
0x000007fef5a40000 - 0x000007fef5a49000 	C:\windows\system32\WSOCK32.dll
0x000007fefeae0000 - 0x000007fefeb2d000 	C:\windows\system32\WS2_32.dll
0x000007feff3d0000 - 0x000007feff3d8000 	C:\windows\system32\NSI.dll
0x000007fefcfb0000 - 0x000007fefcfeb000 	C:\windows\system32\WINMM.dll
0x0000000077300000 - 0x0000000077307000 	C:\windows\system32\PSAPI.DLL
0x000000005d4e0000 - 0x000000005d4ef000 	F:\JAVA8\Jdk\jre\bin\verify.dll
0x0000000053610000 - 0x0000000053639000 	F:\JAVA8\Jdk\jre\bin\java.dll
0x0000000052b70000 - 0x0000000052b93000 	F:\JAVA8\Jdk\jre\bin\instrument.dll
0x0000000052b50000 - 0x0000000052b66000 	F:\JAVA8\Jdk\jre\bin\zip.dll
0x000007fefd250000 - 0x000007fefdfda000 	C:\windows\system32\SHELL32.dll
0x000007fefcc10000 - 0x000007fefcc1f000 	C:\windows\system32\profapi.dll
0x000007fef3c60000 - 0x000007fef3c7a000 	E:\JetBrains\IntelliJ IDEA 2017.1.2\bin\breakgen64.dll
0x0000000052b30000 - 0x0000000052b4a000 	F:\JAVA8\Jdk\jre\bin\net.dll
0x000007fefc310000 - 0x000007fefc365000 	C:\windows\system32\mswsock.dll
0x000007fefc300000 - 0x000007fefc307000 	C:\windows\System32\wship6.dll
0x0000000052b10000 - 0x0000000052b21000 	F:\JAVA8\Jdk\jre\bin\nio.dll
0x000007fef4170000 - 0x000007fef4295000 	C:\windows\system32\dbghelp.dll

VM Arguments:
jvm_args: -javaagent:E:\JetBrains\IntelliJ IDEA 2017.1.2\lib\idea_rt.jar=62832:E:\JetBrains\IntelliJ IDEA 2017.1.2\bin -Dfile.encoding=UTF-8 
java_command: io.openmessaging.DemoTester
java_class_path (initial): F:\JAVA8\Jdk\jre\lib\charsets.jar;F:\JAVA8\Jdk\jre\lib\deploy.jar;F:\JAVA8\Jdk\jre\lib\ext\access-bridge-64.jar;F:\JAVA8\Jdk\jre\lib\ext\cldrdata.jar;F:\JAVA8\Jdk\jre\lib\ext\dnsns.jar;F:\JAVA8\Jdk\jre\lib\ext\jaccess.jar;F:\JAVA8\Jdk\jre\lib\ext\jfxrt.jar;F:\JAVA8\Jdk\jre\lib\ext\localedata.jar;F:\JAVA8\Jdk\jre\lib\ext\nashorn.jar;F:\JAVA8\Jdk\jre\lib\ext\sunec.jar;F:\JAVA8\Jdk\jre\lib\ext\sunjce_provider.jar;F:\JAVA8\Jdk\jre\lib\ext\sunmscapi.jar;F:\JAVA8\Jdk\jre\lib\ext\sunpkcs11.jar;F:\JAVA8\Jdk\jre\lib\ext\zipfs.jar;F:\JAVA8\Jdk\jre\lib\javaws.jar;F:\JAVA8\Jdk\jre\lib\jce.jar;F:\JAVA8\Jdk\jre\lib\jfr.jar;F:\JAVA8\Jdk\jre\lib\jfxswt.jar;F:\JAVA8\Jdk\jre\lib\jsse.jar;F:\JAVA8\Jdk\jre\lib\management-agent.jar;F:\JAVA8\Jdk\jre\lib\plugin.jar;F:\JAVA8\Jdk\jre\lib\resources.jar;F:\JAVA8\Jdk\jre\lib\rt.jar;E:\IdeaProjects\queuerace2018\target\classes;E:\maven\repository\org\slf4j\slf4j-log4j12\1.7.6\slf4j-log4j12-1.7.6.jar;E:\maven\repository\org\slf4j\slf4j-api\1.7.6\slf4j-api-1.7.6.jar;E:\maven\repository\log4j\log4j\1.2.17\log4j-1.2.17.jar;E:\JetBrains\IntelliJ IDEA 2017.1.2\lib\idea_rt.jar
Launcher Type: SUN_STANDARD

Environment Variables:
JAVA_HOME=F:\JAVA8\Jdk
CLASSPATH=.;F:\JAVA8\Jdk\lib\dt.jar;F:\JAVA8\Jdk\lib\tools.jar;
PATH=C:\ProgramData\Oracle\Java\javapath;C:\windows\system32;C:\windows;C:\windows\System32\Wbem;C:\windows\System32\WindowsPowerShell\v1.0\;E:\Git\cmd;F:\JAVA8\Jdk\bin;F:\JAVA8\Jdk\jre\bin;E:\MySQL\MySQL Server 5.5\bin;E:\apache-maven-3.5.0\bin;E:\Tesseract-OCR;C:\Program Files (x86)\NVIDIA Corporation\PhysX\Common;C:\Program Files\WIDCOMM\Bluetooth Software\;C:\Program Files\WIDCOMM\Bluetooth Software\syswow64;E:\Tesseract-OCR;D:\Program Files\php;E:\Go\bin;E:\Program Files\IDM Computer Solutions\UltraEdit;D:\Cadence\SPB_16.6\openaccess\bin\win32\opt;D:\Cadence\SPB_16.6\tools\capture;D:\Cadence\SPB_16.6\tools\pspice;D:\Cadence\SPB_16.6\tools\specctra\bin;D:\Cadence\SPB_16.6\tools\fet\bin;D:\Cadence\SPB_16.6\tools\libutil\bin;D:\Cadence\SPB_16.6\tools\bin;D:\Cadence\SPB_16.6\tools\pcb\bin;D:\modeltech64_10.1c\win64;E:\altera\13.0\modelsim_ase\win32aloem
USERNAME=Administrator
OS=Windows_NT
PROCESSOR_IDENTIFIER=Intel64 Family 6 Model 61 Stepping 4, GenuineIntel



---------------  S Y S T E M  ---------------

OS: Windows 7 , 64 bit Build 7601 (6.1.7601.23915)

CPU:total 4 (2 cores per cpu, 2 threads per core) family 6 model 61 stepping 4, cmov, cx8, fxsr, mmx, sse, sse2, sse3, ssse3, sse4.1, sse4.2, popcnt, avx, avx2, aes, clmul, erms, 3dnowpref, lzcnt, ht, tsc, tscinvbit, bmi1, bmi2, adx

Memory: 4k page, physical 8297716k(3524636k free), swap 16593572k(8485548k free)

vm_info: Java HotSpot(TM) 64-Bit Server VM (25.121-b13) for windows-amd64 JRE (1.8.0_121-b13), built on Dec 12 2016 18:21:36 by "java_re" with MS VC++ 10.0 (VS2010)

time: Wed Jul 11 02:18:19 2018
elapsed time: 3 seconds (0d 0h 0m 3s)

